ornithorhynchus_anatinus ENSOANG00000021146
ornithorhynchus_anatinus ENSOANG00000000400
ovis_aries ENSOARG00000016423
capra_hircus ENSCHIG00000016919
bison_bison_bison ENSBBBG00000009928
bos_mutus ENSBMUG00000006481
bos_taurus ENSBTAG00000019690
tursiops_truncatus ENSTTRG00000010914
sus_scrofa ENSSSCG00000010657
vicugna_pacos ENSVPAG00000005513
sorex_araneus ENSSARG00000004668
erinaceus_europaeus ENSEEUG00000001791
equus_caballus ENSECAG00000024805
equus_asinus_asinus ENSEASG00005014586
ursus_americanus ENSUAMG00000012498
ursus_maritimus ENSUMAG00000002687
ailuropoda_melanoleuca ENSAMEG00000013921
neovison_vison ENSNVIG00000004451
mustela_putorius_furo ENSMPUG00000003488
vulpes_vulpes ENSVVUG00000010476
canis_lupus_dingo ENSCAFG00020013627
panthera_pardus ENSPPRG00000000309
panthera_tigris_altaica ENSPTIG00000017498
felis_catus ENSFCAG00000029381
pteropus_vampyrus ENSPVAG00000017641
myotis_lucifugus ENSMLUG00000008055
pan_troglodytes ENSPTRG00000029701
pan_paniscus ENSPPAG00000042731
homo_sapiens ENSG00000203837
gorilla_gorilla ENSGGOG00000002386
pongo_abelii ENSPPYG00000002680
nomascus_leucogenys ENSNLEG00000016396
piliocolobus_tephrosceles ENSPTEG00000036792
colobus_angolensis_palliatus ENSCANG00000040471
rhinopithecus_roxellana ENSRROG00000041470
rhinopithecus_bieti ENSRBIG00000012479
cercocebus_atys ENSCATG00000013160
mandrillus_leucophaeus ENSMLEG00000044275
papio_anubis ENSPANG00000020717
theropithecus_gelada ENSTGEG00000026236
macaca_nemestrina ENSMNEG00000002816
macaca_fascicularis ENSMFAG00000030751
chlorocebus_sabaeus ENSCSAG00000004870
saimiri_boliviensis_boliviensis ENSSBOG00000024475
cebus_capucinus ENSCCAG00000027776
callithrix_jacchus ENSCJAG00000019410
aotus_nancymaae ENSANAG00000024202
otolemur_garnettii ENSOGAG00000011746
tupaia_belangeri ENSTBEG00000012195
ochotona_princeps ENSOPRG00000009481
choloepus_hoffmanni ENSCHOG00000002877
dasypus_novemcinctus ENSDNOG00000001044
loxodonta_africana ENSLAFG00000014398
procavia_capensis ENSPCAG00000012775
echinops_telfairi ENSETEG00000018879
