>0
ENSPTRT00000057342: ['no event', 48, 0]
ENST00000369230: ['no event', 48, 0]
ENSGGOT00000030128: ['no event', 48, 0]
ENSPPYT00000003236: ['no event', 48, 0]
ENSNLET00000020908: ['no event', 48, 0]
ENSPTET00000053491: ['no event', 48, 0]
>1
ENSPTRT00000057342: ['no event', 154, 1]
ENST00000369230: ['no event', 154, 1]
ENSGGOT00000030128: ['no event', 154, 1]
ENSPPYT00000003236: ['no event', 154, 1]
ENSNLET00000020908: ['no event', 154, 1]
ENSPTET00000053491: ['no event', 154, 1]
>2
ENSPTRT00000057342: ['no event', 119, 0]
ENST00000369230: ['no event', 119, 0]
ENSGGOT00000030128: ['no event', 119, 0]
ENSPPYT00000003236: ['no event', 119, 0]
ENSNLET00000020908: ['no event', 119, 0]
ENSPTET00000053491: ['no event', 119, 0]
>3
ENSPTRT00000057342: ['no event', 131, 0]
ENST00000369230: ['no event', 131, 0]
ENSGGOT00000030128: ['no event', 131, 0]
ENSPPYT00000003236: ['no event', 131, 0]
ENSNLET00000020908: ['no event', 131, 0]
ENSPTET00000053491: ['no event', 131, 0]
>4
ENSPTRT00000057342: ['no event', 108, 0]
ENST00000369230: ['no event', 108, 0]
ENSGGOT00000030128: ['no event', 108, 0]
ENSPPYT00000003236: ['no event', 108, 0]
ENSNLET00000020908: ['no event', 108, 0]
ENSPTET00000053491: ['no event', 108, 0]
>5
ENSPTRT00000057342: ['no event', 119, 1]
ENST00000369230: ['no event', 119, 1]
ENSGGOT00000030128: ['no event', 119, 1]
ENSPPYT00000003236: ['no event', 119, 1]
ENSNLET00000020908: ['no event', 119, 1]
ENSPTET00000053491: ['no event', 119, 1]
>6
ENSPTRT00000057342: ['no event', 122, 1]
ENST00000369230: ['no event', 122, 1]
ENSGGOT00000030128: ['no event', 122, 1]
ENSPPYT00000003236: ['no event', 122, 1]
ENSNLET00000020908: ['no event', 122, 1]
ENSPTET00000053491: ['no event', 122, 1]
>7
ENSPTRT00000057342: ['no event', 118, 1]
ENST00000369230: ['no event', 118, 1]
ENSGGOT00000030128: ['no event', 118, 1]
ENSPPYT00000003236: ['no event', 118, 1]
ENSNLET00000020908: ['no event', 118, 1]
ENSPTET00000053491: ['no event', 118, 1]
>8
ENSPTRT00000057342: ['no event', 132, 0]
ENST00000369230: ['no event', 132, 0]
ENSGGOT00000030128: ['no event', 132, 0]
ENSPPYT00000003236: ['no event', 132, 0]
ENSNLET00000020908: ['no event', 132, 0]
ENSPTET00000053491: ['no event', 132, 0]
>9
ENSPTRT00000057342: ['no event', 111, 1]
ENST00000369230: ['no event', 111, 1]
ENSGGOT00000030128: ['no event', 111, 1]
ENSPPYT00000003236: ['no event', 111, 1]
ENSNLET00000020908: ['no event', 111, 1]
ENSPTET00000053491: ['no event', 111, 1]
>10
ENSPTRT00000057342: ['no event', 167, 2]
ENST00000369230: ['no event', 167, 2]
ENSGGOT00000030128: ['no event', 167, 2]
ENSPPYT00000003236: ['no event', 167, 2]
ENSNLET00000020908: ['no event', 167, 2]
ENSPTET00000053491: ['no event', 167, 2]
>11
ENSPTRT00000057342: ['no event', 63, 2]
ENST00000369230: ['no event', 63, 2]
ENSGGOT00000030128: ['no event', 63, 2]
ENSPPYT00000003236: ['no event', 63, 2]
ENSNLET00000020908: ['no event', 63, 2]
ENSPTET00000053491: ['no event', 63, 2]
