>0
FBtr0083114: [['internal gap >= 30', 83, 39], 92, 0]
C06G3.10.1: [['internal gap < 30', 68, 3], 128, 0]
ENSSART00000008087: [['internal gap >= 30', 62, 60], 71, 0]
ENSEEUT00000009742: [['internal gap >= 30', 62, 60], 71, 0]
ENSECAT00000010848: [['internal gap >= 30', 62, 60], 71, 0]
>1
FBtr0083114: ['exon skipping', 0, 0]
C06G3.10.1: ['exon skipping', 0, 0]
ENSSART00000008087: ['exon skipping', 0, 0]
ENSEEUT00000009742: ['no event', 161, 0]
ENSECAT00000010848: ['no event', 161, 0]
>2
FBtr0083114: ['exon skipping', 0, 0]
C06G3.10.1: ['exon skipping', 0, 0]
ENSSART00000008087: ['5event', 161, 0]
ENSEEUT00000009742: ['exon skipping', 0, 0]
ENSECAT00000010848: ['exon skipping', 0, 0]
>3
FBtr0083114: ['exon skipping', 0, 0]
C06G3.10.1: ['exon skipping', 0, 0]
ENSSART00000008087: ['no event', 66, 0]
ENSEEUT00000009742: ['5event', 65, 0]
ENSECAT00000010848: ['5event', 65, 0]
>4
FBtr0083114: ['exon skipping', 0, 0]
C06G3.10.1: ['exon skipping', 0, 0]
ENSSART00000008087: ['no event', 80, 0]
ENSEEUT00000009742: ['no event', 80, 0]
ENSECAT00000010848: ['no event', 80, 0]
>5
FBtr0083114: ['exon skipping', 0, 0]
C06G3.10.1: ['exon skipping', 0, 0]
ENSSART00000008087: ['no event', 103, 0]
ENSEEUT00000009742: ['exon skipping', 0, 0]
ENSECAT00000010848: ['no event', 103, 0]
>6
FBtr0083114: ['exon skipping', 0, 0]
C06G3.10.1: ['exon skipping', 0, 0]
ENSSART00000008087: ['no event', 111, 2]
ENSEEUT00000009742: ['5event', 103, 0]
ENSECAT00000010848: ['no event', 111, 2]
>7
FBtr0083114: ['exon skipping', 0, 0]
C06G3.10.1: ['5event', 10, 0]
ENSSART00000008087: ['exon skipping', 0, 0]
ENSEEUT00000009742: ['exon skipping', 0, 0]
ENSECAT00000010848: ['exon skipping', 0, 0]
>8
FBtr0083114: ['exon skipping', 0, 0]
C06G3.10.1: ['exon skipping', 0, 0]
ENSSART00000008087: ['exon skipping', 0, 0]
ENSEEUT00000009742: ['5event', 108, 2]
ENSECAT00000010848: ['exon skipping', 0, 0]
>9
FBtr0083114: ['exon skipping', 0, 0]
C06G3.10.1: ['exon skipping', 0, 0]
ENSSART00000008087: ['exon skipping', 0, 0]
ENSEEUT00000009742: ['no event', 179, 0]
ENSECAT00000010848: ['exon skipping', 0, 0]
>10
FBtr0083114: ['exon skipping', 0, 0]
C06G3.10.1: ['3event', '5event', 166, 2]
ENSSART00000008087: ['5event', ['internal gap < 30', 134, 9], 179, 0]
ENSEEUT00000009742: ['exon skipping', 0, 0]
ENSECAT00000010848: ['5event', ['internal gap < 30', 134, 9], 179, 0]
>11
FBtr0083114: ['exon skipping', 0, 0]
C06G3.10.1: ['exon skipping', 0, 0]
ENSSART00000008087: ['exon skipping', 0, 0]
ENSEEUT00000009742: ['5event', 124, 0]
ENSECAT00000010848: ['exon skipping', 0, 0]
>12
FBtr0083114: ['exon skipping', 0, 0]
C06G3.10.1: ['exon skipping', 0, 0]
ENSSART00000008087: ['5event', 124, 0]
ENSEEUT00000009742: ['exon skipping', 0, 0]
ENSECAT00000010848: ['5event', 124, 0]
>13
FBtr0083114: ['5event', ['internal gap >= 30', 895, 15505], 1063, 0]
C06G3.10.1: ['3event', '5event', 194, 0]
ENSSART00000008087: [['internal gap >= 30', 222, 16301], 267, 2]
ENSEEUT00000009742: ['5event', ['internal gap >= 30', 221, 16302], 266, 2]
ENSECAT00000010848: [['internal gap >= 30', 222, 16301], 267, 2]
>14
FBtr0083114: ['exon skipping', 0, 0]
C06G3.10.1: ['exon skipping', 0, 0]
ENSSART00000008087: ['no event', 61, 2]
ENSEEUT00000009742: ['no event', 61, 2]
ENSECAT00000010848: ['no event', 61, 2]
>15
FBtr0083114: ['exon skipping', 0, 0]
C06G3.10.1: ['5event', 420, 2]
ENSSART00000008087: ['exon skipping', 0, 0]
ENSEEUT00000009742: ['exon skipping', 0, 0]
ENSECAT00000010848: ['exon skipping', 0, 0]
>16
FBtr0083114: ['5event', 6, 2]
C06G3.10.1: ['exon skipping', 0, 0]
ENSSART00000008087: ['exon skipping', 0, 0]
ENSEEUT00000009742: ['exon skipping', 0, 0]
ENSECAT00000010848: ['exon skipping', 0, 0]
>17
FBtr0083114: ['exon skipping', 0, 0]
C06G3.10.1: ['5event', 2, 0]
ENSSART00000008087: ['exon skipping', 0, 0]
ENSEEUT00000009742: ['exon skipping', 0, 0]
ENSECAT00000010848: ['exon skipping', 0, 0]
>18
FBtr0083114: ['5event', ['internal gap < 30', 379, 5], 614, 0]
C06G3.10.1: [['internal gap >= 30', 369, 233], 386, 0]
ENSSART00000008087: ['5event', ['internal gap >= 30', 137, 468], 151, 1]
ENSEEUT00000009742: ['5event', ['internal gap >= 30', 137, 468], 151, 1]
ENSECAT00000010848: ['5event', ['internal gap >= 30', 137, 468], 151, 1]
>19
FBtr0083114: ['exon skipping', 0, 0]
C06G3.10.1: ['exon skipping', 0, 0]
ENSSART00000008087: [['internal gap < 30', 93, 3], 197, 0]
ENSEEUT00000009742: [['internal gap < 30', 93, 3], 197, 0]
ENSECAT00000010848: ['no event', 200, 0]
>20
FBtr0083114: ['exon skipping', 0, 0]
C06G3.10.1: ['exon skipping', 0, 0]
ENSSART00000008087: ['exon skipping', 0, 0]
ENSEEUT00000009742: ['no event', 72, 0]
ENSECAT00000010848: ['exon skipping', 0, 0]
>21
FBtr0083114: ['exon skipping', 0, 0]
C06G3.10.1: ['exon skipping', 0, 0]
ENSSART00000008087: ['5event', 72, 0]
ENSEEUT00000009742: ['exon skipping', 0, 0]
ENSECAT00000010848: ['5event', 72, 0]
>22
FBtr0083114: ['5event', 32, 0]
C06G3.10.1: ['exon skipping', 0, 0]
ENSSART00000008087: ['exon skipping', 0, 0]
ENSEEUT00000009742: ['exon skipping', 0, 0]
ENSECAT00000010848: ['exon skipping', 0, 0]
>23
FBtr0083114: [['internal gap < 30', 1, 1], 14, 0]
C06G3.10.1: ['5event', 14, 2]
ENSSART00000008087: ['exon skipping', 0, 0]
ENSEEUT00000009742: ['exon skipping', 0, 0]
ENSECAT00000010848: ['exon skipping', 0, 0]
>24
FBtr0083114: ['exon skipping', 0, 0]
C06G3.10.1: ['exon skipping', 0, 0]
ENSSART00000008087: ['5event', 142, 1]
ENSEEUT00000009742: ['5event', 142, 1]
ENSECAT00000010848: ['5event', 142, 1]
>25
FBtr0083114: ['exon skipping', 0, 0]
C06G3.10.1: ['exon skipping', 0, 0]
ENSSART00000008087: ['no event', 139, 0]
ENSEEUT00000009742: ['no event', 139, 0]
ENSECAT00000010848: ['no event', 139, 0]
>26
FBtr0083114: ['5event', 23, 2]
C06G3.10.1: ['exon skipping', 0, 0]
ENSSART00000008087: ['exon skipping', 0, 0]
ENSEEUT00000009742: ['exon skipping', 0, 0]
ENSECAT00000010848: ['exon skipping', 0, 0]
>27
FBtr0083114: ['exon skipping', 0, 0]
C06G3.10.1: ['5event', 13, 2]
ENSSART00000008087: ['exon skipping', 0, 0]
ENSEEUT00000009742: ['exon skipping', 0, 0]
ENSECAT00000010848: ['exon skipping', 0, 0]
>28
FBtr0083114: ['5event', ['internal gap < 30', 95, 7], 183, 2]
C06G3.10.1: ['exon skipping', 0, 0]
ENSSART00000008087: ['5event', ['internal gap < 30', 117, 7], 183, 2]
ENSEEUT00000009742: ['exon skipping', 0, 0]
ENSECAT00000010848: ['5event', ['internal gap < 30', 117, 7], 183, 2]
>29
FBtr0083114: [['internal gap < 30', 70, 6], 97, 0]
C06G3.10.1: ['5event', 102, 1]
ENSSART00000008087: [['internal gap < 30', 56, 2], 101, 0]
ENSEEUT00000009742: ['exon skipping', 0, 0]
ENSECAT00000010848: [['internal gap < 30', 56, 2], 101, 0]
>30
FBtr0083114: ['exon skipping', 0, 0]
C06G3.10.1: [['internal gap < 30', 1, 1], 248, 2]
ENSSART00000008087: ['exon skipping', 0, 0]
ENSEEUT00000009742: ['exon skipping', 0, 0]
ENSECAT00000010848: ['exon skipping', 0, 0]
>31
FBtr0083114: ['exon skipping', 0, 0]
C06G3.10.1: ['no event', 84, 2]
ENSSART00000008087: ['exon skipping', 0, 0]
ENSEEUT00000009742: ['exon skipping', 0, 0]
ENSECAT00000010848: ['exon skipping', 0, 0]
>32
FBtr0083114: ['exon skipping', 0, 0]
C06G3.10.1: ['no event', 269, 0]
ENSSART00000008087: ['exon skipping', 0, 0]
ENSEEUT00000009742: ['exon skipping', 0, 0]
ENSECAT00000010848: ['exon skipping', 0, 0]
