>0
ENSEBUT00000025849: ['exon skipping', 0, 0]
ENSEBUT00000025881: ['exon skipping', 0, 0]
ENSPMAT00000006619: ['no event', 94, 0]
ENSAOWT00000008289: [['internal gap < 30', 9, 9], 85, 0]
ENSAOWT00000008296: [['internal gap < 30', 9, 9], 85, 0]
ENSAOWT00000008312: [['internal gap < 30', 9, 9], 85, 0]
ENSAHAT00000023864: [['internal gap < 30', 9, 9], 85, 0]
ENSAHAT00000023869: [['internal gap < 30', 9, 9], 85, 0]
ENSAHAT00000023878: [['internal gap < 30', 9, 9], 85, 0]
ENSAHAT00000023886: [['internal gap < 30', 9, 9], 85, 0]
ENSARWT00000026559: [['internal gap < 30', 9, 9], 85, 0]
ENSARWT00000026560: [['internal gap < 30', 9, 9], 85, 0]
ENSARWT00000026561: [['internal gap < 30', 9, 9], 85, 0]
ENSDNVT00000000017: ['exon skipping', 0, 0]
ENSDNVT00000000018: [['internal gap < 30', 9, 9], 85, 0]
>1
ENSEBUT00000025849: ['exon skipping', 0, 0]
ENSEBUT00000025881: ['exon skipping', 0, 0]
ENSPMAT00000006619: ['no event', 130, 2]
ENSAOWT00000008289: ['no event', 130, 2]
ENSAOWT00000008296: ['no event', 130, 2]
ENSAOWT00000008312: ['no event', 130, 2]
ENSAHAT00000023864: ['no event', 130, 2]
ENSAHAT00000023869: ['no event', 130, 2]
ENSAHAT00000023878: ['no event', 130, 2]
ENSAHAT00000023886: ['no event', 130, 2]
ENSARWT00000026559: ['no event', 130, 2]
ENSARWT00000026560: ['no event', 130, 2]
ENSARWT00000026561: ['no event', 130, 2]
ENSDNVT00000000017: ['5event', 95, 0]
ENSDNVT00000000018: ['no event', 130, 2]
>2
ENSEBUT00000025849: ['5event', 20, 0]
ENSEBUT00000025881: ['5event', 20, 0]
ENSPMAT00000006619: ['exon skipping', 0, 0]
ENSAOWT00000008289: ['exon skipping', 0, 0]
ENSAOWT00000008296: ['exon skipping', 0, 0]
ENSAOWT00000008312: ['exon skipping', 0, 0]
ENSAHAT00000023864: ['exon skipping', 0, 0]
ENSAHAT00000023869: ['exon skipping', 0, 0]
ENSAHAT00000023878: ['exon skipping', 0, 0]
ENSAHAT00000023886: ['exon skipping', 0, 0]
ENSARWT00000026559: ['exon skipping', 0, 0]
ENSARWT00000026560: ['exon skipping', 0, 0]
ENSARWT00000026561: ['exon skipping', 0, 0]
ENSDNVT00000000017: ['exon skipping', 0, 0]
ENSDNVT00000000018: ['exon skipping', 0, 0]
>3
ENSEBUT00000025849: ['3event', 61, 0]
ENSEBUT00000025881: ['3event', 61, 0]
ENSPMAT00000006619: ['5event', 65, 0]
ENSAOWT00000008289: ['5event', 65, 0]
ENSAOWT00000008296: ['5event', 65, 0]
ENSAOWT00000008312: ['5event', 65, 0]
ENSAHAT00000023864: ['5event', 65, 0]
ENSAHAT00000023869: ['5event', 65, 0]
ENSAHAT00000023878: ['5event', 65, 0]
ENSAHAT00000023886: ['5event', 65, 0]
ENSARWT00000026559: ['5event', 65, 0]
ENSARWT00000026560: ['5event', 65, 0]
ENSARWT00000026561: ['5event', 65, 0]
ENSDNVT00000000017: ['5event', 65, 0]
ENSDNVT00000000018: ['5event', 65, 0]
>4
ENSEBUT00000025849: ['exon skipping', 0, 0]
ENSEBUT00000025881: ['exon skipping', 0, 0]
ENSPMAT00000006619: [['internal gap < 30', 49, 5], 102, 0]
ENSAOWT00000008289: [['internal gap < 30', 79, 14], 93, 0]
ENSAOWT00000008296: [['internal gap < 30', 79, 14], 93, 0]
ENSAOWT00000008312: [['internal gap < 30', 79, 14], 93, 0]
ENSAHAT00000023864: [['internal gap < 30', 79, 14], 93, 0]
ENSAHAT00000023869: [['internal gap < 30', 79, 14], 93, 0]
ENSAHAT00000023878: [['internal gap < 30', 79, 14], 93, 0]
ENSAHAT00000023886: [['internal gap < 30', 79, 14], 93, 0]
ENSARWT00000026559: [['internal gap < 30', 79, 14], 93, 0]
ENSARWT00000026560: [['internal gap < 30', 79, 14], 93, 0]
ENSARWT00000026561: [['internal gap < 30', 79, 14], 93, 0]
ENSDNVT00000000017: [['internal gap < 30', 79, 14], 93, 0]
ENSDNVT00000000018: [['internal gap < 30', 79, 14], 93, 0]
>5
ENSEBUT00000025849: ['exon skipping', 0, 0]
ENSEBUT00000025881: ['exon skipping', 0, 0]
ENSPMAT00000006619: ['no event', 8, 1]
ENSAOWT00000008289: ['exon skipping', 0, 0]
ENSAOWT00000008296: ['exon skipping', 0, 0]
ENSAOWT00000008312: ['exon skipping', 0, 0]
ENSAHAT00000023864: ['exon skipping', 0, 0]
ENSAHAT00000023869: ['exon skipping', 0, 0]
ENSAHAT00000023878: ['exon skipping', 0, 0]
ENSAHAT00000023886: ['exon skipping', 0, 0]
ENSARWT00000026559: ['exon skipping', 0, 0]
ENSARWT00000026560: ['exon skipping', 0, 0]
ENSARWT00000026561: ['exon skipping', 0, 0]
ENSDNVT00000000017: ['exon skipping', 0, 0]
ENSDNVT00000000018: ['exon skipping', 0, 0]
>6
ENSEBUT00000025849: ['exon skipping', 0, 0]
ENSEBUT00000025881: ['exon skipping', 0, 0]
ENSPMAT00000006619: ['no event', 144, 1]
ENSAOWT00000008289: ['5event', ['internal gap < 30', 111, 20], 124, 1]
ENSAOWT00000008296: ['5event', ['internal gap < 30', 111, 20], 124, 1]
ENSAOWT00000008312: ['5event', ['internal gap < 30', 111, 20], 124, 1]
ENSAHAT00000023864: ['5event', ['internal gap < 30', 111, 20], 124, 1]
ENSAHAT00000023869: ['5event', ['internal gap < 30', 111, 20], 124, 1]
ENSAHAT00000023878: ['5event', ['internal gap < 30', 111, 20], 124, 1]
ENSAHAT00000023886: ['5event', ['internal gap < 30', 111, 20], 124, 1]
ENSARWT00000026559: ['5event', ['internal gap < 30', 111, 20], 124, 1]
ENSARWT00000026560: ['5event', ['internal gap < 30', 111, 20], 124, 1]
ENSARWT00000026561: ['5event', ['internal gap < 30', 111, 20], 124, 1]
ENSDNVT00000000017: ['5event', ['internal gap < 30', 111, 20], 124, 1]
ENSDNVT00000000018: ['5event', ['internal gap < 30', 111, 20], 124, 1]
>7
ENSEBUT00000025849: ['exon skipping', 0, 0]
ENSEBUT00000025881: ['exon skipping', 0, 0]
ENSPMAT00000006619: ['exon skipping', 0, 0]
ENSAOWT00000008289: ['no event', 70, 0]
ENSAOWT00000008296: ['no event', 70, 0]
ENSAOWT00000008312: ['no event', 70, 0]
ENSAHAT00000023864: ['no event', 70, 0]
ENSAHAT00000023869: ['no event', 70, 0]
ENSAHAT00000023878: ['no event', 70, 0]
ENSAHAT00000023886: ['no event', 70, 0]
ENSARWT00000026559: ['no event', 70, 0]
ENSARWT00000026560: ['no event', 70, 0]
ENSARWT00000026561: ['no event', 70, 0]
ENSDNVT00000000017: ['no event', 70, 0]
ENSDNVT00000000018: ['no event', 70, 0]
>8
ENSEBUT00000025849: ['exon skipping', 0, 0]
ENSEBUT00000025881: ['exon skipping', 0, 0]
ENSPMAT00000006619: ['5event', 13, 2]
ENSAOWT00000008289: ['exon skipping', 0, 0]
ENSAOWT00000008296: ['exon skipping', 0, 0]
ENSAOWT00000008312: ['exon skipping', 0, 0]
ENSAHAT00000023864: ['exon skipping', 0, 0]
ENSAHAT00000023869: ['exon skipping', 0, 0]
ENSAHAT00000023878: ['exon skipping', 0, 0]
ENSAHAT00000023886: ['exon skipping', 0, 0]
ENSARWT00000026559: ['exon skipping', 0, 0]
ENSARWT00000026560: ['exon skipping', 0, 0]
ENSARWT00000026561: ['exon skipping', 0, 0]
ENSDNVT00000000017: ['exon skipping', 0, 0]
ENSDNVT00000000018: ['exon skipping', 0, 0]
>9
ENSEBUT00000025849: ['exon skipping', 0, 0]
ENSEBUT00000025881: ['exon skipping', 0, 0]
ENSPMAT00000006619: ['no event', 19, 1]
ENSAOWT00000008289: ['exon skipping', 0, 0]
ENSAOWT00000008296: ['exon skipping', 0, 0]
ENSAOWT00000008312: ['exon skipping', 0, 0]
ENSAHAT00000023864: ['exon skipping', 0, 0]
ENSAHAT00000023869: ['exon skipping', 0, 0]
ENSAHAT00000023878: ['exon skipping', 0, 0]
ENSAHAT00000023886: ['exon skipping', 0, 0]
ENSARWT00000026559: ['exon skipping', 0, 0]
ENSARWT00000026560: ['exon skipping', 0, 0]
ENSARWT00000026561: ['exon skipping', 0, 0]
ENSDNVT00000000017: ['exon skipping', 0, 0]
ENSDNVT00000000018: ['exon skipping', 0, 0]
>10
ENSEBUT00000025849: ['exon skipping', 0, 0]
ENSEBUT00000025881: ['exon skipping', 0, 0]
ENSPMAT00000006619: [['internal gap < 30', 120, 10], 132, 0]
ENSAOWT00000008289: ['5event', ['internal gap < 30', 84, 26], 116, 2]
ENSAOWT00000008296: ['5event', ['internal gap < 30', 84, 26], 116, 2]
ENSAOWT00000008312: ['5event', ['internal gap < 30', 84, 26], 116, 2]
ENSAHAT00000023864: ['5event', ['internal gap < 30', 84, 26], 116, 2]
ENSAHAT00000023869: ['5event', ['internal gap < 30', 84, 26], 116, 2]
ENSAHAT00000023878: ['5event', ['internal gap < 30', 84, 26], 116, 2]
ENSAHAT00000023886: ['5event', ['internal gap < 30', 84, 26], 116, 2]
ENSARWT00000026559: ['5event', ['internal gap < 30', 84, 26], 116, 2]
ENSARWT00000026560: ['5event', ['internal gap < 30', 84, 26], 116, 2]
ENSARWT00000026561: ['5event', ['internal gap < 30', 84, 26], 116, 2]
ENSDNVT00000000017: ['5event', ['internal gap < 30', 84, 26], 116, 2]
ENSDNVT00000000018: ['5event', ['internal gap < 30', 84, 26], 116, 2]
>11
ENSEBUT00000025849: ['exon skipping', 0, 0]
ENSEBUT00000025881: ['exon skipping', 0, 0]
ENSPMAT00000006619: ['no event', 1, 2]
ENSAOWT00000008289: ['exon skipping', 0, 0]
ENSAOWT00000008296: ['exon skipping', 0, 0]
ENSAOWT00000008312: ['exon skipping', 0, 0]
ENSAHAT00000023864: ['exon skipping', 0, 0]
ENSAHAT00000023869: ['exon skipping', 0, 0]
ENSAHAT00000023878: ['exon skipping', 0, 0]
ENSAHAT00000023886: ['exon skipping', 0, 0]
ENSARWT00000026559: ['exon skipping', 0, 0]
ENSARWT00000026560: ['exon skipping', 0, 0]
ENSARWT00000026561: ['exon skipping', 0, 0]
ENSDNVT00000000017: ['exon skipping', 0, 0]
ENSDNVT00000000018: ['exon skipping', 0, 0]
>12
ENSEBUT00000025849: ['5event', 4, 0]
ENSEBUT00000025881: ['5event', 4, 0]
ENSPMAT00000006619: ['no event', 6, 1]
ENSAOWT00000008289: ['exon skipping', 0, 0]
ENSAOWT00000008296: ['exon skipping', 0, 0]
ENSAOWT00000008312: ['exon skipping', 0, 0]
ENSAHAT00000023864: ['exon skipping', 0, 0]
ENSAHAT00000023869: ['exon skipping', 0, 0]
ENSAHAT00000023878: ['exon skipping', 0, 0]
ENSAHAT00000023886: ['exon skipping', 0, 0]
ENSARWT00000026559: ['exon skipping', 0, 0]
ENSARWT00000026560: ['exon skipping', 0, 0]
ENSARWT00000026561: ['exon skipping', 0, 0]
ENSDNVT00000000017: ['exon skipping', 0, 0]
ENSDNVT00000000018: ['exon skipping', 0, 0]
>13
ENSEBUT00000025849: ['exon skipping', 0, 0]
ENSEBUT00000025881: ['exon skipping', 0, 0]
ENSPMAT00000006619: ['no event', 3, 0]
ENSAOWT00000008289: ['exon skipping', 0, 0]
ENSAOWT00000008296: ['exon skipping', 0, 0]
ENSAOWT00000008312: ['exon skipping', 0, 0]
ENSAHAT00000023864: ['exon skipping', 0, 0]
ENSAHAT00000023869: ['exon skipping', 0, 0]
ENSAHAT00000023878: ['exon skipping', 0, 0]
ENSAHAT00000023886: ['exon skipping', 0, 0]
ENSARWT00000026559: ['exon skipping', 0, 0]
ENSARWT00000026560: ['exon skipping', 0, 0]
ENSARWT00000026561: ['exon skipping', 0, 0]
ENSDNVT00000000017: ['exon skipping', 0, 0]
ENSDNVT00000000018: ['exon skipping', 0, 0]
>14
ENSEBUT00000025849: ['exon skipping', 0, 0]
ENSEBUT00000025881: ['exon skipping', 0, 0]
ENSPMAT00000006619: ['no event', 15, 1]
ENSAOWT00000008289: ['exon skipping', 0, 0]
ENSAOWT00000008296: ['exon skipping', 0, 0]
ENSAOWT00000008312: ['exon skipping', 0, 0]
ENSAHAT00000023864: ['exon skipping', 0, 0]
ENSAHAT00000023869: ['exon skipping', 0, 0]
ENSAHAT00000023878: ['exon skipping', 0, 0]
ENSAHAT00000023886: ['exon skipping', 0, 0]
ENSARWT00000026559: ['exon skipping', 0, 0]
ENSARWT00000026560: ['exon skipping', 0, 0]
ENSARWT00000026561: ['exon skipping', 0, 0]
ENSDNVT00000000017: ['exon skipping', 0, 0]
ENSDNVT00000000018: ['exon skipping', 0, 0]
>15
ENSEBUT00000025849: ['5event', ['internal gap < 30', 10, 6], 85, 2]
ENSEBUT00000025881: ['exon skipping', 0, 0]
ENSPMAT00000006619: ['no event', 91, 2]
ENSAOWT00000008289: ['5event', 88, 2]
ENSAOWT00000008296: ['5event', 88, 2]
ENSAOWT00000008312: ['5event', 88, 2]
ENSAHAT00000023864: ['5event', 88, 2]
ENSAHAT00000023869: ['5event', 88, 2]
ENSAHAT00000023878: ['5event', 88, 2]
ENSAHAT00000023886: ['5event', 88, 2]
ENSARWT00000026559: ['5event', 88, 2]
ENSARWT00000026560: ['5event', 88, 2]
ENSARWT00000026561: ['5event', 88, 2]
ENSDNVT00000000017: ['5event', 88, 2]
ENSDNVT00000000018: ['5event', 88, 2]
>16
ENSEBUT00000025849: ['exon skipping', 0, 0]
ENSEBUT00000025881: ['5event', 85, 2]
ENSPMAT00000006619: ['exon skipping', 0, 0]
ENSAOWT00000008289: ['exon skipping', 0, 0]
ENSAOWT00000008296: ['exon skipping', 0, 0]
ENSAOWT00000008312: ['exon skipping', 0, 0]
ENSAHAT00000023864: ['exon skipping', 0, 0]
ENSAHAT00000023869: ['exon skipping', 0, 0]
ENSAHAT00000023878: ['exon skipping', 0, 0]
ENSAHAT00000023886: ['exon skipping', 0, 0]
ENSARWT00000026559: ['exon skipping', 0, 0]
ENSARWT00000026560: ['exon skipping', 0, 0]
ENSARWT00000026561: ['exon skipping', 0, 0]
ENSDNVT00000000017: ['exon skipping', 0, 0]
ENSDNVT00000000018: ['exon skipping', 0, 0]
>17
ENSEBUT00000025849: ['5event', 158, 1]
ENSEBUT00000025881: ['no event', 159, 1]
ENSPMAT00000006619: ['5event', 158, 1]
ENSAOWT00000008289: ['5event', 158, 1]
ENSAOWT00000008296: ['5event', 158, 1]
ENSAOWT00000008312: ['5event', 158, 1]
ENSAHAT00000023864: ['5event', 158, 1]
ENSAHAT00000023869: ['5event', 158, 1]
ENSAHAT00000023878: ['5event', 158, 1]
ENSAHAT00000023886: ['5event', 158, 1]
ENSARWT00000026559: ['5event', 158, 1]
ENSARWT00000026560: ['5event', 158, 1]
ENSARWT00000026561: ['5event', 158, 1]
ENSDNVT00000000017: ['5event', 158, 1]
ENSDNVT00000000018: ['5event', 158, 1]
>18
ENSEBUT00000025849: ['exon skipping', 0, 0]
ENSEBUT00000025881: ['exon skipping', 0, 0]
ENSPMAT00000006619: ['exon skipping', 0, 0]
ENSAOWT00000008289: ['no event', 59, 1]
ENSAOWT00000008296: ['no event', 59, 1]
ENSAOWT00000008312: ['exon skipping', 0, 0]
ENSAHAT00000023864: ['no event', 59, 1]
ENSAHAT00000023869: ['exon skipping', 0, 0]
ENSAHAT00000023878: ['no event', 59, 1]
ENSAHAT00000023886: ['no event', 59, 1]
ENSARWT00000026559: ['no event', 59, 1]
ENSARWT00000026560: ['exon skipping', 0, 0]
ENSARWT00000026561: ['no event', 59, 1]
ENSDNVT00000000017: ['no event', 59, 1]
ENSDNVT00000000018: ['no event', 59, 1]
>19
ENSEBUT00000025849: ['5event', 112, 1]
ENSEBUT00000025881: ['5event', 112, 1]
ENSPMAT00000006619: ['exon skipping', 0, 0]
ENSAOWT00000008289: ['no event', 117, 1]
ENSAOWT00000008296: ['no event', 117, 1]
ENSAOWT00000008312: ['5event', 115, 1]
ENSAHAT00000023864: ['no event', 117, 1]
ENSAHAT00000023869: ['5event', 115, 1]
ENSAHAT00000023878: ['no event', 117, 1]
ENSAHAT00000023886: ['no event', 117, 1]
ENSARWT00000026559: ['no event', 117, 1]
ENSARWT00000026560: ['5event', 115, 1]
ENSARWT00000026561: ['no event', 117, 1]
ENSDNVT00000000017: ['no event', 117, 1]
ENSDNVT00000000018: ['no event', 117, 1]
>20
ENSEBUT00000025849: ['exon skipping', 0, 0]
ENSEBUT00000025881: ['exon skipping', 0, 0]
ENSPMAT00000006619: ['5event', 27, 1]
ENSAOWT00000008289: ['exon skipping', 0, 0]
ENSAOWT00000008296: ['exon skipping', 0, 0]
ENSAOWT00000008312: ['exon skipping', 0, 0]
ENSAHAT00000023864: ['exon skipping', 0, 0]
ENSAHAT00000023869: ['exon skipping', 0, 0]
ENSAHAT00000023878: ['exon skipping', 0, 0]
ENSAHAT00000023886: ['exon skipping', 0, 0]
ENSARWT00000026559: ['exon skipping', 0, 0]
ENSARWT00000026560: ['exon skipping', 0, 0]
ENSARWT00000026561: ['exon skipping', 0, 0]
ENSDNVT00000000017: ['exon skipping', 0, 0]
ENSDNVT00000000018: ['exon skipping', 0, 0]
>21
ENSEBUT00000025849: ['exon skipping', 0, 0]
ENSEBUT00000025881: ['exon skipping', 0, 0]
ENSPMAT00000006619: ['no event', 3, 2]
ENSAOWT00000008289: ['exon skipping', 0, 0]
ENSAOWT00000008296: ['exon skipping', 0, 0]
ENSAOWT00000008312: ['exon skipping', 0, 0]
ENSAHAT00000023864: ['exon skipping', 0, 0]
ENSAHAT00000023869: ['exon skipping', 0, 0]
ENSAHAT00000023878: ['exon skipping', 0, 0]
ENSAHAT00000023886: ['exon skipping', 0, 0]
ENSARWT00000026559: ['exon skipping', 0, 0]
ENSARWT00000026560: ['exon skipping', 0, 0]
ENSARWT00000026561: ['exon skipping', 0, 0]
ENSDNVT00000000017: ['exon skipping', 0, 0]
ENSDNVT00000000018: ['exon skipping', 0, 0]
>22
ENSEBUT00000025849: ['5event', ['internal gap < 30', 110, 5], 175, 0]
ENSEBUT00000025881: ['5event', ['internal gap < 30', 110, 5], 175, 0]
ENSPMAT00000006619: ['no event', 180, 0]
ENSAOWT00000008289: ['5event', ['internal gap < 30', 123, 11], 169, 0]
ENSAOWT00000008296: ['5event', ['internal gap < 30', 123, 11], 169, 0]
ENSAOWT00000008312: ['5event', ['internal gap < 30', 123, 11], 169, 0]
ENSAHAT00000023864: ['5event', ['internal gap < 30', 123, 11], 169, 0]
ENSAHAT00000023869: ['5event', ['internal gap < 30', 123, 11], 169, 0]
ENSAHAT00000023878: ['5event', ['internal gap < 30', 123, 11], 169, 0]
ENSAHAT00000023886: ['5event', ['internal gap < 30', 123, 11], 169, 0]
ENSARWT00000026559: ['5event', ['internal gap < 30', 123, 11], 169, 0]
ENSARWT00000026560: ['5event', ['internal gap < 30', 123, 11], 169, 0]
ENSARWT00000026561: ['5event', ['internal gap < 30', 123, 11], 169, 0]
ENSDNVT00000000017: ['5event', ['internal gap < 30', 126, 8], 172, 0]
ENSDNVT00000000018: ['5event', ['internal gap < 30', 126, 8], 172, 0]
>23
ENSEBUT00000025849: [['internal gap < 30', 64, 5], 160, 2]
ENSEBUT00000025881: [['internal gap < 30', 64, 5], 160, 2]
ENSPMAT00000006619: [['internal gap < 30', 95, 2], 163, 2]
ENSAOWT00000008289: [['internal gap < 30', 65, 2], 163, 2]
ENSAOWT00000008296: [['internal gap < 30', 65, 2], 163, 2]
ENSAOWT00000008312: [['internal gap < 30', 65, 2], 163, 2]
ENSAHAT00000023864: [['internal gap < 30', 65, 2], 163, 2]
ENSAHAT00000023869: [['internal gap < 30', 65, 2], 163, 2]
ENSAHAT00000023878: [['internal gap < 30', 65, 2], 163, 2]
ENSAHAT00000023886: [['internal gap < 30', 65, 2], 163, 2]
ENSARWT00000026559: [['internal gap < 30', 65, 2], 163, 2]
ENSARWT00000026560: [['internal gap < 30', 65, 2], 163, 2]
ENSARWT00000026561: [['internal gap < 30', 65, 2], 163, 2]
ENSDNVT00000000017: [['internal gap < 30', 65, 2], 163, 2]
ENSDNVT00000000018: [['internal gap < 30', 65, 2], 163, 2]
>24
ENSEBUT00000025849: ['exon skipping', 0, 0]
ENSEBUT00000025881: ['exon skipping', 0, 0]
ENSPMAT00000006619: ['exon skipping', 0, 0]
ENSAOWT00000008289: ['exon skipping', 0, 0]
ENSAOWT00000008296: ['exon skipping', 0, 0]
ENSAOWT00000008312: ['exon skipping', 0, 0]
ENSAHAT00000023864: [['internal gap < 30', 25, 2], 86, 1]
ENSAHAT00000023869: [['internal gap < 30', 25, 2], 86, 1]
ENSAHAT00000023878: [['internal gap < 30', 25, 2], 86, 1]
ENSAHAT00000023886: ['exon skipping', 0, 0]
ENSARWT00000026559: [['internal gap < 30', 25, 2], 86, 1]
ENSARWT00000026560: [['internal gap < 30', 25, 2], 86, 1]
ENSARWT00000026561: ['exon skipping', 0, 0]
ENSDNVT00000000017: ['exon skipping', 0, 0]
ENSDNVT00000000018: ['exon skipping', 0, 0]
>25
ENSEBUT00000025849: ['5event', 180, 1]
ENSEBUT00000025881: ['5event', 180, 1]
ENSPMAT00000006619: ['5event', 180, 1]
ENSAOWT00000008289: ['5event', 183, 1]
ENSAOWT00000008296: ['5event', 183, 1]
ENSAOWT00000008312: ['5event', 183, 1]
ENSAHAT00000023864: ['no event', 186, 1]
ENSAHAT00000023869: ['no event', 186, 1]
ENSAHAT00000023878: ['no event', 186, 1]
ENSAHAT00000023886: ['5event', 183, 1]
ENSARWT00000026559: ['no event', 186, 1]
ENSARWT00000026560: ['no event', 186, 1]
ENSARWT00000026561: ['5event', 183, 1]
ENSDNVT00000000017: ['5event', 183, 1]
ENSDNVT00000000018: ['5event', 183, 1]
>26
ENSEBUT00000025849: ['no event', 94, 2]
ENSEBUT00000025881: ['no event', 94, 2]
ENSPMAT00000006619: ['no event', 94, 2]
ENSAOWT00000008289: ['no event', 94, 2]
ENSAOWT00000008296: ['no event', 94, 2]
ENSAOWT00000008312: ['no event', 94, 2]
ENSAHAT00000023864: ['no event', 94, 2]
ENSAHAT00000023869: ['no event', 94, 2]
ENSAHAT00000023878: ['no event', 94, 2]
ENSAHAT00000023886: ['no event', 94, 2]
ENSARWT00000026559: ['no event', 94, 2]
ENSARWT00000026560: ['no event', 94, 2]
ENSARWT00000026561: ['no event', 94, 2]
ENSDNVT00000000017: ['no event', 94, 2]
ENSDNVT00000000018: ['no event', 94, 2]
>27
ENSEBUT00000025849: ['no event', 95, 1]
ENSEBUT00000025881: ['no event', 95, 1]
ENSPMAT00000006619: ['exon skipping', 0, 0]
ENSAOWT00000008289: ['no event', 95, 1]
ENSAOWT00000008296: ['no event', 95, 1]
ENSAOWT00000008312: ['no event', 95, 1]
ENSAHAT00000023864: ['no event', 95, 1]
ENSAHAT00000023869: ['no event', 95, 1]
ENSAHAT00000023878: ['no event', 95, 1]
ENSAHAT00000023886: ['no event', 95, 1]
ENSARWT00000026559: ['no event', 95, 1]
ENSARWT00000026560: ['no event', 95, 1]
ENSARWT00000026561: ['no event', 95, 1]
ENSDNVT00000000017: ['no event', 95, 1]
ENSDNVT00000000018: ['no event', 95, 1]
>28
ENSEBUT00000025849: ['exon skipping', 0, 0]
ENSEBUT00000025881: ['exon skipping', 0, 0]
ENSPMAT00000006619: ['5event', 44, 1]
ENSAOWT00000008289: ['exon skipping', 0, 0]
ENSAOWT00000008296: ['exon skipping', 0, 0]
ENSAOWT00000008312: ['exon skipping', 0, 0]
ENSAHAT00000023864: ['exon skipping', 0, 0]
ENSAHAT00000023869: ['exon skipping', 0, 0]
ENSAHAT00000023878: ['exon skipping', 0, 0]
ENSAHAT00000023886: ['exon skipping', 0, 0]
ENSARWT00000026559: ['exon skipping', 0, 0]
ENSARWT00000026560: ['exon skipping', 0, 0]
ENSARWT00000026561: ['exon skipping', 0, 0]
ENSDNVT00000000017: ['exon skipping', 0, 0]
ENSDNVT00000000018: ['exon skipping', 0, 0]
>29
ENSEBUT00000025849: ['exon skipping', 0, 0]
ENSEBUT00000025881: ['exon skipping', 0, 0]
ENSPMAT00000006619: ['no event', 11, 1]
ENSAOWT00000008289: ['exon skipping', 0, 0]
ENSAOWT00000008296: ['exon skipping', 0, 0]
ENSAOWT00000008312: ['exon skipping', 0, 0]
ENSAHAT00000023864: ['exon skipping', 0, 0]
ENSAHAT00000023869: ['exon skipping', 0, 0]
ENSAHAT00000023878: ['exon skipping', 0, 0]
ENSAHAT00000023886: ['exon skipping', 0, 0]
ENSARWT00000026559: ['exon skipping', 0, 0]
ENSARWT00000026560: ['exon skipping', 0, 0]
ENSARWT00000026561: ['exon skipping', 0, 0]
ENSDNVT00000000017: ['exon skipping', 0, 0]
ENSDNVT00000000018: ['exon skipping', 0, 0]
>30
ENSEBUT00000025849: ['exon skipping', 0, 0]
ENSEBUT00000025881: ['exon skipping', 0, 0]
ENSPMAT00000006619: ['no event', 38, 1]
ENSAOWT00000008289: ['exon skipping', 0, 0]
ENSAOWT00000008296: ['exon skipping', 0, 0]
ENSAOWT00000008312: ['exon skipping', 0, 0]
ENSAHAT00000023864: ['exon skipping', 0, 0]
ENSAHAT00000023869: ['exon skipping', 0, 0]
ENSAHAT00000023878: ['exon skipping', 0, 0]
ENSAHAT00000023886: ['exon skipping', 0, 0]
ENSARWT00000026559: ['exon skipping', 0, 0]
ENSARWT00000026560: ['exon skipping', 0, 0]
ENSARWT00000026561: ['exon skipping', 0, 0]
ENSDNVT00000000017: ['exon skipping', 0, 0]
ENSDNVT00000000018: ['exon skipping', 0, 0]
>31
ENSEBUT00000025849: ['5event', ['internal gap < 30', 125, 9], 169, 1]
ENSEBUT00000025881: ['5event', ['internal gap < 30', 125, 9], 169, 1]
ENSPMAT00000006619: [['internal gap < 30', 128, 6], 172, 1]
ENSAOWT00000008289: ['5event', ['internal gap < 30', 96, 9], 169, 1]
ENSAOWT00000008296: ['5event', ['internal gap < 30', 96, 9], 169, 1]
ENSAOWT00000008312: ['5event', ['internal gap < 30', 96, 9], 169, 1]
ENSAHAT00000023864: ['5event', ['internal gap < 30', 96, 9], 169, 1]
ENSAHAT00000023869: ['5event', ['internal gap < 30', 96, 9], 169, 1]
ENSAHAT00000023878: ['5event', ['internal gap < 30', 96, 9], 169, 1]
ENSAHAT00000023886: ['5event', ['internal gap < 30', 96, 9], 169, 1]
ENSARWT00000026559: ['5event', ['internal gap < 30', 96, 9], 169, 1]
ENSARWT00000026560: ['5event', ['internal gap < 30', 96, 9], 169, 1]
ENSARWT00000026561: ['5event', ['internal gap < 30', 96, 9], 169, 1]
ENSDNVT00000000017: ['5event', ['internal gap < 30', 96, 9], 169, 1]
ENSDNVT00000000018: ['5event', ['internal gap < 30', 96, 9], 169, 1]
>32
ENSEBUT00000025849: [['internal gap < 30', 26, 3], 56, 0]
ENSEBUT00000025881: [['internal gap < 30', 26, 3], 56, 0]
ENSPMAT00000006619: ['no event', 59, 0]
ENSAOWT00000008289: ['no event', 59, 0]
ENSAOWT00000008296: ['exon skipping', 0, 0]
ENSAOWT00000008312: ['no event', 59, 0]
ENSAHAT00000023864: ['no event', 59, 0]
ENSAHAT00000023869: ['no event', 59, 0]
ENSAHAT00000023878: ['exon skipping', 0, 0]
ENSAHAT00000023886: ['no event', 59, 0]
ENSARWT00000026559: ['no event', 59, 0]
ENSARWT00000026560: ['no event', 59, 0]
ENSARWT00000026561: ['no event', 59, 0]
ENSDNVT00000000017: ['no event', 59, 0]
ENSDNVT00000000018: ['no event', 59, 0]
>33
ENSEBUT00000025849: [['internal gap < 30', 84, 8], 139, 0]
ENSEBUT00000025881: [['internal gap < 30', 84, 8], 139, 0]
ENSPMAT00000006619: ['3event', 114, 0]
ENSAOWT00000008289: [['internal gap < 30', 121, 5], 142, 0]
ENSAOWT00000008296: ['5event', ['internal gap < 30', 119, 7], 140, 0]
ENSAOWT00000008312: [['internal gap < 30', 121, 5], 142, 0]
ENSAHAT00000023864: [['internal gap < 30', 118, 8], 139, 0]
ENSAHAT00000023869: [['internal gap < 30', 118, 8], 139, 0]
ENSAHAT00000023878: ['5event', ['internal gap < 30', 116, 10], 137, 0]
ENSAHAT00000023886: [['internal gap < 30', 118, 8], 139, 0]
ENSARWT00000026559: [['internal gap < 30', 124, 2], 145, 0]
ENSARWT00000026560: [['internal gap < 30', 124, 2], 145, 0]
ENSARWT00000026561: [['internal gap < 30', 124, 2], 145, 0]
ENSDNVT00000000017: [['internal gap < 30', 124, 2], 145, 0]
ENSDNVT00000000018: [['internal gap < 30', 124, 2], 145, 0]
>34
ENSEBUT00000025849: ['exon skipping', 0, 0]
ENSEBUT00000025881: ['exon skipping', 0, 0]
ENSPMAT00000006619: ['5event', 40, 1]
ENSAOWT00000008289: ['exon skipping', 0, 0]
ENSAOWT00000008296: ['exon skipping', 0, 0]
ENSAOWT00000008312: ['exon skipping', 0, 0]
ENSAHAT00000023864: ['exon skipping', 0, 0]
ENSAHAT00000023869: ['exon skipping', 0, 0]
ENSAHAT00000023878: ['exon skipping', 0, 0]
ENSAHAT00000023886: ['exon skipping', 0, 0]
ENSARWT00000026559: ['exon skipping', 0, 0]
ENSARWT00000026560: ['exon skipping', 0, 0]
ENSARWT00000026561: ['exon skipping', 0, 0]
ENSDNVT00000000017: ['exon skipping', 0, 0]
ENSDNVT00000000018: ['exon skipping', 0, 0]
>35
ENSEBUT00000025849: ['5event', 91, 0]
ENSEBUT00000025881: ['5event', 91, 0]
ENSPMAT00000006619: ['no event', 92, 0]
ENSAOWT00000008289: ['5event', 91, 0]
ENSAOWT00000008296: ['5event', 91, 0]
ENSAOWT00000008312: ['5event', 91, 0]
ENSAHAT00000023864: ['5event', 91, 0]
ENSAHAT00000023869: ['5event', 91, 0]
ENSAHAT00000023878: ['5event', 91, 0]
ENSAHAT00000023886: ['5event', 91, 0]
ENSARWT00000026559: ['5event', 91, 0]
ENSARWT00000026560: ['5event', 91, 0]
ENSARWT00000026561: ['5event', 91, 0]
ENSDNVT00000000017: ['5event', 91, 0]
ENSDNVT00000000018: ['5event', 91, 0]
>36
ENSEBUT00000025849: [['internal gap < 30', 84, 9], 225, 2]
ENSEBUT00000025881: [['internal gap < 30', 84, 9], 225, 2]
ENSPMAT00000006619: ['3event', 212, 2]
ENSAOWT00000008289: [['internal gap < 30', 138, 27], 207, 2]
ENSAOWT00000008296: [['internal gap < 30', 138, 27], 207, 2]
ENSAOWT00000008312: [['internal gap < 30', 138, 27], 207, 2]
ENSAHAT00000023864: [['internal gap < 30', 138, 27], 207, 2]
ENSAHAT00000023869: [['internal gap < 30', 138, 27], 207, 2]
ENSAHAT00000023878: [['internal gap < 30', 138, 27], 207, 2]
ENSAHAT00000023886: [['internal gap < 30', 138, 27], 207, 2]
ENSARWT00000026559: [['internal gap < 30', 138, 27], 207, 2]
ENSARWT00000026560: [['internal gap < 30', 138, 27], 207, 2]
ENSARWT00000026561: [['internal gap < 30', 138, 27], 207, 2]
ENSDNVT00000000017: [['internal gap < 30', 138, 27], 207, 2]
ENSDNVT00000000018: [['internal gap < 30', 138, 27], 207, 2]
>37
ENSEBUT00000025849: ['no event', 5, 0]
ENSEBUT00000025881: ['no event', 5, 0]
ENSPMAT00000006619: ['exon skipping', 0, 0]
ENSAOWT00000008289: ['exon skipping', 0, 0]
ENSAOWT00000008296: ['exon skipping', 0, 0]
ENSAOWT00000008312: ['exon skipping', 0, 0]
ENSAHAT00000023864: ['exon skipping', 0, 0]
ENSAHAT00000023869: ['exon skipping', 0, 0]
ENSAHAT00000023878: ['exon skipping', 0, 0]
ENSAHAT00000023886: ['exon skipping', 0, 0]
ENSARWT00000026559: ['exon skipping', 0, 0]
ENSARWT00000026560: ['exon skipping', 0, 0]
ENSARWT00000026561: ['exon skipping', 0, 0]
ENSDNVT00000000017: ['exon skipping', 0, 0]
ENSDNVT00000000018: ['exon skipping', 0, 0]
