>0
ENSPTET00000018416: ['exon skipping', 0, 0]
ENSPTET00000040042: ['exon skipping', 0, 0]
ENSPTET00000040960: ['exon skipping', 0, 0]
ENSPTET00000013928: ['exon skipping', 0, 0]
ENSCSAVT00000016031: ['exon skipping', 0, 0]
ENSCSAVT00000016032: ['no event', 292, 0]
ENSCSAVT00000016033: ['no event', 292, 0]
FBtr0083148: ['exon skipping', 0, 0]
>1
ENSPTET00000018416: ['5event', 8, 0]
ENSPTET00000040042: ['exon skipping', 0, 0]
ENSPTET00000040960: ['exon skipping', 0, 0]
ENSPTET00000013928: ['exon skipping', 0, 0]
ENSCSAVT00000016031: ['exon skipping', 0, 0]
ENSCSAVT00000016032: ['exon skipping', 0, 0]
ENSCSAVT00000016033: ['exon skipping', 0, 0]
FBtr0083148: ['exon skipping', 0, 0]
>2
ENSPTET00000018416: ['3event', 1009, 0]
ENSPTET00000040042: ['5event', ['internal gap >= 30', 1106, 527], 1543, 0]
ENSPTET00000040960: ['5event', ['internal gap >= 30', 1199, 859], 1211, 0]
ENSPTET00000013928: ['5event', ['internal gap >= 30', 1622, 436], 1634, 0]
ENSCSAVT00000016031: ['exon skipping', 0, 0]
ENSCSAVT00000016032: ['3event', '5event', 209, 2]
ENSCSAVT00000016033: ['3event', '5event', 226, 2]
FBtr0083148: ['3event', '5event', 753, 0]
>3
ENSPTET00000018416: ['exon skipping', 0, 0]
ENSPTET00000040042: ['exon skipping', 0, 0]
ENSPTET00000040960: ['exon skipping', 0, 0]
ENSPTET00000013928: ['exon skipping', 0, 0]
ENSCSAVT00000016031: ['exon skipping', 0, 0]
ENSCSAVT00000016032: ['5event', 101, 1]
ENSCSAVT00000016033: ['exon skipping', 0, 0]
FBtr0083148: ['exon skipping', 0, 0]
>4
ENSPTET00000018416: ['exon skipping', 0, 0]
ENSPTET00000040042: ['exon skipping', 0, 0]
ENSPTET00000040960: ['exon skipping', 0, 0]
ENSPTET00000013928: ['exon skipping', 0, 0]
ENSCSAVT00000016031: ['5event', 47, 0]
ENSCSAVT00000016032: ['no event', 98, 1]
ENSCSAVT00000016033: ['exon skipping', 0, 0]
FBtr0083148: ['exon skipping', 0, 0]
>5
ENSPTET00000018416: ['exon skipping', 0, 0]
ENSPTET00000040042: ['exon skipping', 0, 0]
ENSPTET00000040960: ['exon skipping', 0, 0]
ENSPTET00000013928: ['exon skipping', 0, 0]
ENSCSAVT00000016031: ['no event', 94, 0]
ENSCSAVT00000016032: ['no event', 94, 0]
ENSCSAVT00000016033: ['exon skipping', 0, 0]
FBtr0083148: ['exon skipping', 0, 0]
>6
ENSPTET00000018416: ['exon skipping', 0, 0]
ENSPTET00000040042: ['exon skipping', 0, 0]
ENSPTET00000040960: ['exon skipping', 0, 0]
ENSPTET00000013928: ['exon skipping', 0, 0]
ENSCSAVT00000016031: ['no event', 354, 2]
ENSCSAVT00000016032: ['3event', 21, 2]
ENSCSAVT00000016033: ['exon skipping', 0, 0]
FBtr0083148: ['exon skipping', 0, 0]
>7
ENSPTET00000018416: ['exon skipping', 0, 0]
ENSPTET00000040042: ['exon skipping', 0, 0]
ENSPTET00000040960: ['exon skipping', 0, 0]
ENSPTET00000013928: ['exon skipping', 0, 0]
ENSCSAVT00000016031: ['no event', 149, 0]
ENSCSAVT00000016032: ['exon skipping', 0, 0]
ENSCSAVT00000016033: ['exon skipping', 0, 0]
FBtr0083148: ['exon skipping', 0, 0]
>8
ENSPTET00000018416: ['exon skipping', 0, 0]
ENSPTET00000040042: ['5event', 9, 2]
ENSPTET00000040960: ['exon skipping', 0, 0]
ENSPTET00000013928: ['exon skipping', 0, 0]
ENSCSAVT00000016031: ['exon skipping', 0, 0]
ENSCSAVT00000016032: ['exon skipping', 0, 0]
ENSCSAVT00000016033: ['exon skipping', 0, 0]
FBtr0083148: ['exon skipping', 0, 0]
