>0
ENSCINT00000028548: ['exon skipping', 0, 0]
ENSCINT00000031063: ['exon skipping', 0, 0]
ENSCINT00000034173: [['internal gap < 30', 63, 7], 82, 0]
ENSCINT00000032978: [['internal gap < 30', 23, 20], 69, 0]
ENSCSAVT00000006488: ['exon skipping', 0, 0]
>1
ENSCINT00000028548: ['exon skipping', 0, 0]
ENSCINT00000031063: ['5event', 18, 0]
ENSCINT00000034173: ['exon skipping', 0, 0]
ENSCINT00000032978: ['exon skipping', 0, 0]
ENSCSAVT00000006488: ['exon skipping', 0, 0]
>2
ENSCINT00000028548: ['exon skipping', 0, 0]
ENSCINT00000031063: ['exon skipping', 0, 0]
ENSCINT00000034173: ['5event', 7, 2]
ENSCINT00000032978: ['exon skipping', 0, 0]
ENSCSAVT00000006488: ['exon skipping', 0, 0]
>3
ENSCINT00000028548: ['5event', ['internal gap >= 30', 161, 670], 213, 0]
ENSCINT00000031063: ['5event', ['internal gap >= 30', 37, 764], 119, 1]
ENSCINT00000034173: [['internal gap >= 30', 82, 769], 114, 1]
ENSCINT00000032978: ['5event', ['internal gap >= 30', 65, 767], 116, 1]
ENSCSAVT00000006488: ['5event', ['internal gap >= 30', 36, 799], 84, 0]
>4
ENSCINT00000028548: ['3event', 101, 1]
ENSCINT00000031063: [['internal gap < 30', 41, 26], 93, 1]
ENSCINT00000034173: ['3event', 88, 1]
ENSCINT00000032978: ['3event', 86, 1]
ENSCSAVT00000006488: ['3event', 86, 1]
>5
ENSCINT00000028548: ['exon skipping', 0, 0]
ENSCINT00000031063: ['exon skipping', 0, 0]
ENSCINT00000034173: ['5event', 18, 1]
ENSCINT00000032978: ['exon skipping', 0, 0]
ENSCSAVT00000006488: ['exon skipping', 0, 0]
>6
ENSCINT00000028548: ['3event', '5event', 172, 2]
ENSCINT00000031063: ['3event', '5event', 181, 2]
ENSCINT00000034173: ['3event', 197, 2]
ENSCINT00000032978: ['5event', ['internal gap >= 30', 178, 44], 207, 2]
ENSCSAVT00000006488: ['5event', ['internal gap >= 30', 170, 53], 198, 2]
>7
ENSCINT00000028548: ['5event', 70, 0]
ENSCINT00000031063: ['5event', 70, 0]
ENSCINT00000034173: ['5event', 70, 0]
ENSCINT00000032978: ['no event', 71, 0]
ENSCSAVT00000006488: ['no event', 71, 0]
>8
ENSCINT00000028548: ['3event', 135, 2]
ENSCINT00000031063: [['internal gap < 30', 102, 26], 124, 2]
ENSCINT00000034173: ['3event', 126, 2]
ENSCINT00000032978: ['3event', 123, 2]
ENSCSAVT00000006488: ['3event', 120, 2]
>9
ENSCINT00000028548: ['5event', ['internal gap < 30', 71, 17], 103, 1]
ENSCINT00000031063: [['internal gap < 30', 73, 15], 105, 1]
ENSCINT00000034173: ['5event', ['internal gap < 30', 77, 11], 109, 1]
ENSCINT00000032978: ['5event', 118, 1]
ENSCSAVT00000006488: ['5event', 118, 1]
>10
ENSCINT00000028548: ['no event', 80, 0]
ENSCINT00000031063: ['exon skipping', 0, 0]
ENSCINT00000034173: [['internal gap < 30', 28, 9], 71, 0]
ENSCINT00000032978: [['internal gap < 30', 28, 9], 71, 0]
ENSCSAVT00000006488: ['3event', 34, 0]
>11
ENSCINT00000028548: ['exon skipping', 0, 0]
ENSCINT00000031063: ['exon skipping', 0, 0]
ENSCINT00000034173: ['no event', 8, 0]
ENSCINT00000032978: ['exon skipping', 0, 0]
ENSCSAVT00000006488: ['exon skipping', 0, 0]
>12
ENSCINT00000028548: ['exon skipping', 0, 0]
ENSCINT00000031063: ['exon skipping', 0, 0]
ENSCINT00000034173: ['no event', 210, 0]
ENSCINT00000032978: ['exon skipping', 0, 0]
ENSCSAVT00000006488: ['exon skipping', 0, 0]
>13
ENSCINT00000028548: ['exon skipping', 0, 0]
ENSCINT00000031063: ['exon skipping', 0, 0]
ENSCINT00000034173: ['no event', 140, 1]
ENSCINT00000032978: ['exon skipping', 0, 0]
ENSCSAVT00000006488: ['exon skipping', 0, 0]
>14
ENSCINT00000028548: ['3event', '5event', 60, 0]
ENSCINT00000031063: ['exon skipping', 0, 0]
ENSCINT00000034173: ['exon skipping', 0, 0]
ENSCINT00000032978: ['5event', ['internal gap < 30', 19, 29], 53, 0]
ENSCSAVT00000006488: ['exon skipping', 0, 0]
>15
ENSCINT00000028548: ['exon skipping', 0, 0]
ENSCINT00000031063: ['exon skipping', 0, 0]
ENSCINT00000034173: ['5event', 138, 1]
ENSCINT00000032978: ['exon skipping', 0, 0]
ENSCSAVT00000006488: ['exon skipping', 0, 0]
>16
ENSCINT00000028548: ['exon skipping', 0, 0]
ENSCINT00000031063: ['exon skipping', 0, 0]
ENSCINT00000034173: ['no event', 210, 2]
ENSCINT00000032978: ['exon skipping', 0, 0]
ENSCSAVT00000006488: ['exon skipping', 0, 0]
