>0
ENSPMAT00000000755: ['exon skipping', 0, 0]
ENSEBUT00000003803: ['no event', 10, 0]
ENSEBUT00000003826: ['exon skipping', 0, 0]
ENSSFOT00015017878: ['exon skipping', 0, 0]
ENSSFOT00015021966: ['exon skipping', 0, 0]
ENSSFOT00015021975: ['exon skipping', 0, 0]
ENSPKIT00000030168: ['exon skipping', 0, 0]
>1
ENSPMAT00000000755: ['exon skipping', 0, 0]
ENSEBUT00000003803: ['exon skipping', 0, 0]
ENSEBUT00000003826: ['exon skipping', 0, 0]
ENSSFOT00015017878: ['5event', 170, 0]
ENSSFOT00015021966: ['exon skipping', 0, 0]
ENSSFOT00015021975: ['exon skipping', 0, 0]
ENSPKIT00000030168: ['exon skipping', 0, 0]
>2
ENSPMAT00000000755: ['5event', ['internal gap < 30', 79, 13], 109, 0]
ENSEBUT00000003803: ['exon skipping', 0, 0]
ENSEBUT00000003826: ['5event', ['internal gap < 30', 79, 13], 109, 0]
ENSSFOT00015017878: [['internal gap < 30', 44, 3], 119, 0]
ENSSFOT00015021966: ['5event', 121, 0]
ENSSFOT00015021975: ['5event', 121, 0]
ENSPKIT00000030168: ['5event', ['internal gap < 30', 43, 4], 118, 0]
>3
ENSPMAT00000000755: ['no event', 201, 2]
ENSEBUT00000003803: ['5event', 200, 2]
ENSEBUT00000003826: ['no event', 201, 2]
ENSSFOT00015017878: ['no event', 201, 2]
ENSSFOT00015021966: ['no event', 201, 2]
ENSSFOT00015021975: ['3event', 164, 2]
ENSPKIT00000030168: ['no event', 201, 2]
>4
ENSPMAT00000000755: ['no event', 63, 2]
ENSEBUT00000003803: ['no event', 63, 2]
ENSEBUT00000003826: ['no event', 63, 2]
ENSSFOT00015017878: ['no event', 63, 2]
ENSSFOT00015021966: ['no event', 63, 2]
ENSSFOT00015021975: ['exon skipping', 0, 0]
ENSPKIT00000030168: ['no event', 63, 2]
>5
ENSPMAT00000000755: ['no event', 91, 0]
ENSEBUT00000003803: ['no event', 91, 0]
ENSEBUT00000003826: ['no event', 91, 0]
ENSSFOT00015017878: ['no event', 91, 0]
ENSSFOT00015021966: ['no event', 91, 0]
ENSSFOT00015021975: ['5event', 89, 0]
ENSPKIT00000030168: ['no event', 91, 0]
>6
ENSPMAT00000000755: ['no event', 75, 0]
ENSEBUT00000003803: ['no event', 75, 0]
ENSEBUT00000003826: ['no event', 75, 0]
ENSSFOT00015017878: ['no event', 75, 0]
ENSSFOT00015021966: ['no event', 75, 0]
ENSSFOT00015021975: ['no event', 75, 0]
ENSPKIT00000030168: ['no event', 75, 0]
>7
ENSPMAT00000000755: ['no event', 114, 1]
ENSEBUT00000003803: ['no event', 114, 1]
ENSEBUT00000003826: ['no event', 114, 1]
ENSSFOT00015017878: ['no event', 114, 1]
ENSSFOT00015021966: ['no event', 114, 1]
ENSSFOT00015021975: ['no event', 114, 1]
ENSPKIT00000030168: ['no event', 114, 1]
>8
ENSPMAT00000000755: ['no event', 21, 2]
ENSEBUT00000003803: ['no event', 21, 2]
ENSEBUT00000003826: ['no event', 21, 2]
ENSSFOT00015017878: ['no event', 21, 2]
ENSSFOT00015021966: ['no event', 21, 2]
ENSSFOT00015021975: ['no event', 21, 2]
ENSPKIT00000030168: ['no event', 21, 2]
